2024-08-24 10:00:00,298 - __main__ - INFO - 
Results for Neural Network:
2024-08-24 10:00:00,300 - __main__ - INFO - Results for Neural Network Classification Report:
              precision    recall  f1-score   support

           0       1.00      1.00      1.00     56651
           1       0.88      0.76      0.81        95

    accuracy                           1.00     56746
   macro avg       0.94      0.88      0.91     56746
weighted avg       1.00      1.00      1.00     56746

2024-08-24 10:00:00,301 - __main__ - INFO - Results for Neural Network Confusion Matrix:
[[56641    10]
 [   23    72]]
2024-08-24 10:00:00,301 - __main__ - INFO - Results for Neural Network Accuracy: 0.9994, Precision: 0.8780, Recall: 0.7579, F1 Score: 0.8136, ROC AUC: 0.9569, MCC: 0.8155
2024-08-24 10:10:52,064 - __main__ - INFO - 
Results for Neural Network:
2024-08-24 10:10:52,064 - __main__ - INFO - Results for Neural Network Classification Report:
              precision    recall  f1-score   support

           0       1.00      1.00      1.00     56651
           1       0.73      0.78      0.76        95

    accuracy                           1.00     56746
   macro avg       0.87      0.89      0.88     56746
weighted avg       1.00      1.00      1.00     56746

2024-08-24 10:10:52,064 - __main__ - INFO - Results for Neural Network Confusion Matrix:
[[56624    27]
 [   21    74]]
2024-08-24 10:10:52,064 - __main__ - INFO - Results for Neural Network Accuracy: 0.9992, Precision: 0.7327, Recall: 0.7789, F1 Score: 0.7551, ROC AUC: 0.9640, MCC: 0.7550
2024-08-24 15:43:54,839 - __main__ - INFO - 
Results for Neural Network:
2024-08-24 15:43:54,841 - __main__ - INFO - Results for Neural Network Classification Report:
              precision    recall  f1-score   support

           0       1.00      1.00      1.00     56651
           1       0.82      0.79      0.80        95

    accuracy                           1.00     56746
   macro avg       0.91      0.89      0.90     56746
weighted avg       1.00      1.00      1.00     56746

2024-08-24 15:43:54,841 - __main__ - INFO - Results for Neural Network Confusion Matrix:
[[56634    17]
 [   20    75]]
2024-08-24 15:43:54,842 - __main__ - INFO - Results for Neural Network Accuracy: 0.9993, Precision: 0.8152, Recall: 0.7895, F1 Score: 0.8021, ROC AUC: 0.9694, MCC: 0.8019
2024-08-29 15:46:04,078 - __main__ - INFO - 
Results for Neural Network:
2024-08-29 15:46:04,082 - __main__ - INFO - Results for Neural Network Classification Report:
              precision    recall  f1-score   support

           0       1.00      1.00      1.00     56651
           1       0.75      0.83      0.79        95

    accuracy                           1.00     56746
   macro avg       0.87      0.92      0.89     56746
weighted avg       1.00      1.00      1.00     56746

2024-08-29 15:46:04,084 - __main__ - INFO - Results for Neural Network Confusion Matrix:
[[56624    27]
 [   16    79]]
2024-08-29 15:46:04,084 - __main__ - INFO - Results for Neural Network Accuracy: 0.9992, Precision: 0.7453, Recall: 0.8316, F1 Score: 0.7861, ROC AUC: 0.9612, MCC: 0.7869
2024-08-29 18:03:15,797 - __main__ - INFO - 
Results for Neural Network:
2024-08-29 18:03:15,798 - __main__ - INFO - Results for Neural Network Classification Report:
              precision    recall  f1-score   support

           0       1.00      1.00      1.00     56651
           1       0.77      0.82      0.80        95

    accuracy                           1.00     56746
   macro avg       0.89      0.91      0.90     56746
weighted avg       1.00      1.00      1.00     56746

2024-08-29 18:03:15,799 - __main__ - INFO - Results for Neural Network Confusion Matrix:
[[56628    23]
 [   17    78]]
2024-08-29 18:03:15,799 - __main__ - INFO - Results for Neural Network Accuracy: 0.9993, Precision: 0.7723, Recall: 0.8211, F1 Score: 0.7959, ROC AUC: 0.9622, MCC: 0.7959
2024-08-29 18:47:11,528 - __main__ - INFO - Results for Cross-validation Neural Network: Mean accuracies: 0.9992
2024-08-29 18:47:11,528 - __main__ - INFO - Results for Cross-validation Neural Network: Mean precisions: 0.7688
2024-08-29 18:47:11,528 - __main__ - INFO - Results for Cross-validation Neural Network: Mean recalls: 0.7568
2024-08-29 18:47:11,528 - __main__ - INFO - Results for Cross-validation Neural Network: Mean f1_scores: 0.7618
2024-08-29 18:47:11,528 - __main__ - INFO - Results for Cross-validation Neural Network: Mean roc_aucs: 0.9753
2024-08-29 18:47:11,528 - __main__ - INFO - Results for Cross-validation Neural Network: Mean mccs: 0.7619
2024-08-29 18:47:11,532 - __main__ - INFO - Results for Cross-validation MLP: Mean accuracies: 0.9994
2024-08-29 18:47:11,532 - __main__ - INFO - Results for Cross-validation MLP: Mean precisions: 0.8703
2024-08-29 18:47:11,532 - __main__ - INFO - Results for Cross-validation MLP: Mean recalls: 0.7674
2024-08-29 18:47:11,532 - __main__ - INFO - Results for Cross-validation MLP: Mean f1_scores: 0.8149
2024-08-29 18:47:11,532 - __main__ - INFO - Results for Cross-validation MLP: Mean roc_aucs: 0.9387
2024-08-29 18:47:11,532 - __main__ - INFO - Results for Cross-validation MLP: Mean mccs: 0.8166
2024-08-29 18:47:11,532 - __main__ - INFO - Results for Cross-validation Random Forest: Mean accuracies: 0.9995
2024-08-29 18:47:11,533 - __main__ - INFO - Results for Cross-validation Random Forest: Mean precisions: 0.9477
2024-08-29 18:47:11,533 - __main__ - INFO - Results for Cross-validation Random Forest: Mean recalls: 0.7632
2024-08-29 18:47:11,534 - __main__ - INFO - Results for Cross-validation Random Forest: Mean f1_scores: 0.8455
2024-08-29 18:47:11,534 - __main__ - INFO - Results for Cross-validation Random Forest: Mean roc_aucs: 0.9529
2024-08-29 18:47:11,534 - __main__ - INFO - Results for Cross-validation Random Forest: Mean mccs: 0.8503
2024-08-29 18:47:11,535 - __main__ - INFO - Results for Cross-validation XGBoost: Mean accuracies: 0.9995
2024-08-29 18:47:11,535 - __main__ - INFO - Results for Cross-validation XGBoost: Mean precisions: 0.9299
2024-08-29 18:47:11,535 - __main__ - INFO - Results for Cross-validation XGBoost: Mean recalls: 0.7844
2024-08-29 18:47:11,535 - __main__ - INFO - Results for Cross-validation XGBoost: Mean f1_scores: 0.8509
2024-08-29 18:47:11,535 - __main__ - INFO - Results for Cross-validation XGBoost: Mean roc_aucs: 0.9794
2024-08-29 18:47:11,535 - __main__ - INFO - Results for Cross-validation XGBoost: Mean mccs: 0.8538
2024-08-29 19:34:51,129 - __main__ - INFO - 
Results for Neural Network:
2024-08-29 19:34:51,137 - __main__ - INFO - Results for Neural Network Classification Report:
              precision    recall  f1-score   support

           0       1.00      1.00      1.00     56651
           1       0.83      0.78      0.80        95

    accuracy                           1.00     56746
   macro avg       0.92      0.89      0.90     56746
weighted avg       1.00      1.00      1.00     56746

2024-08-29 19:34:51,138 - __main__ - INFO - Results for Neural Network Confusion Matrix:
[[56636    15]
 [   21    74]]
2024-08-29 19:34:51,138 - __main__ - INFO - Results for Neural Network Accuracy: 0.9994, Precision: 0.8315, Recall: 0.7789, F1 Score: 0.8043, ROC AUC: 0.9622, MCC: 0.8045
2024-08-29 19:34:51,138 - __main__ - INFO - 
Results for MLP:
2024-08-29 19:34:51,138 - __main__ - INFO - Results for MLP Classification Report:
              precision    recall  f1-score   support

           0       1.00      1.00      1.00     56651
           1       0.95      0.74      0.83        95

    accuracy                           1.00     56746
   macro avg       0.97      0.87      0.91     56746
weighted avg       1.00      1.00      1.00     56746

2024-08-29 19:34:51,140 - __main__ - INFO - Results for MLP Confusion Matrix:
[[56647     4]
 [   25    70]]
2024-08-29 19:34:51,140 - __main__ - INFO - Results for MLP Accuracy: 0.9995, Precision: 0.9459, Recall: 0.7368, F1 Score: 0.8284, ROC AUC: 0.9607, MCC: 0.8346
2024-08-29 19:34:51,140 - __main__ - INFO - 
Results for Random Forest:
2024-08-29 19:34:51,140 - __main__ - INFO - Results for Random Forest Classification Report:
              precision    recall  f1-score   support

           0       1.00      1.00      1.00     56651
           1       0.89      0.86      0.88        95

    accuracy                           1.00     56746
   macro avg       0.95      0.93      0.94     56746
weighted avg       1.00      1.00      1.00     56746

2024-08-29 19:34:51,140 - __main__ - INFO - Results for Random Forest Confusion Matrix:
[[56641    10]
 [   13    82]]
2024-08-29 19:34:51,141 - __main__ - INFO - Results for Random Forest Accuracy: 0.9996, Precision: 0.8913, Recall: 0.8632, F1 Score: 0.8770, ROC AUC: 0.9727, MCC: 0.8769
2024-08-29 19:34:51,141 - __main__ - INFO - 
Results for XGBoost:
2024-08-29 19:34:51,141 - __main__ - INFO - Results for XGBoost Classification Report:
              precision    recall  f1-score   support

           0       1.00      1.00      1.00     56651
           1       0.96      0.84      0.90        95

    accuracy                           1.00     56746
   macro avg       0.98      0.92      0.95     56746
weighted avg       1.00      1.00      1.00     56746

2024-08-29 19:34:51,142 - __main__ - INFO - Results for XGBoost Confusion Matrix:
[[56648     3]
 [   15    80]]
2024-08-29 19:34:51,142 - __main__ - INFO - Results for XGBoost Accuracy: 0.9997, Precision: 0.9639, Recall: 0.8421, F1 Score: 0.8989, ROC AUC: 0.9743, MCC: 0.9008
2024-08-29 21:21:30,175 - __main__ - INFO - Results for Cross-validation Neural Network: Mean accuracies: 0.9994
2024-08-29 21:21:30,175 - __main__ - INFO - Results for Cross-validation Neural Network: Mean precisions: 0.8508
2024-08-29 21:21:30,175 - __main__ - INFO - Results for Cross-validation Neural Network: Mean recalls: 0.7696
2024-08-29 21:21:30,190 - __main__ - INFO - Results for Cross-validation Neural Network: Mean f1_scores: 0.8080
2024-08-29 21:21:30,190 - __main__ - INFO - Results for Cross-validation Neural Network: Mean roc_aucs: 0.9837
2024-08-29 21:21:30,190 - __main__ - INFO - Results for Cross-validation Neural Network: Mean mccs: 0.8088
2024-08-29 21:21:30,190 - __main__ - INFO - Results for Cross-validation XGBoost: Mean accuracies: 0.9995
2024-08-29 21:21:30,190 - __main__ - INFO - Results for Cross-validation XGBoost: Mean precisions: 0.9299
2024-08-29 21:21:30,190 - __main__ - INFO - Results for Cross-validation XGBoost: Mean recalls: 0.7844
2024-08-29 21:21:30,190 - __main__ - INFO - Results for Cross-validation XGBoost: Mean f1_scores: 0.8509
2024-08-29 21:21:30,190 - __main__ - INFO - Results for Cross-validation XGBoost: Mean roc_aucs: 0.9794
2024-08-29 21:21:30,190 - __main__ - INFO - Results for Cross-validation XGBoost: Mean mccs: 0.8538
2024-08-29 21:55:29,380 - __main__ - INFO - 
Results for Neural Network:
2024-08-29 21:55:29,380 - __main__ - INFO - Results for Neural Network Classification Report:
              precision    recall  f1-score   support

           0       1.00      1.00      1.00     56651
           1       0.76      0.82      0.79        95

    accuracy                           1.00     56746
   macro avg       0.88      0.91      0.90     56746
weighted avg       1.00      1.00      1.00     56746

2024-08-29 21:55:29,383 - __main__ - INFO - Results for Neural Network Confusion Matrix:
[[56627    24]
 [   17    78]]
2024-08-29 21:55:29,383 - __main__ - INFO - Results for Neural Network Accuracy: 0.9993, Precision: 0.7647, Recall: 0.8211, F1 Score: 0.7919, ROC AUC: 0.9617, MCC: 0.7920
2024-08-29 21:55:29,384 - __main__ - INFO - 
Results for XGBoost:
2024-08-29 21:55:29,384 - __main__ - INFO - Results for XGBoost Classification Report:
              precision    recall  f1-score   support

           0       1.00      1.00      1.00     56651
           1       0.97      0.82      0.89        95

    accuracy                           1.00     56746
   macro avg       0.99      0.91      0.95     56746
weighted avg       1.00      1.00      1.00     56746

2024-08-29 21:55:29,385 - __main__ - INFO - Results for XGBoost Confusion Matrix:
[[56649     2]
 [   17    78]]
2024-08-29 21:55:29,385 - __main__ - INFO - Results for XGBoost Accuracy: 0.9997, Precision: 0.9750, Recall: 0.8211, F1 Score: 0.8914, ROC AUC: 0.9750, MCC: 0.8946
2024-08-29 22:31:22,155 - __main__ - INFO - 
Results for Ensemble Voting Classifier:
2024-08-29 22:31:22,156 - __main__ - INFO - Results for Ensemble Voting Classifier Classification Report:
              precision    recall  f1-score   support

           0       1.00      1.00      1.00     56651
           1       0.99      0.79      0.88        95

    accuracy                           1.00     56746
   macro avg       0.99      0.89      0.94     56746
weighted avg       1.00      1.00      1.00     56746

2024-08-29 22:31:22,157 - __main__ - INFO - Results for Ensemble Voting Classifier Confusion Matrix:
[[56650     1]
 [   20    75]]
2024-08-29 22:31:22,158 - __main__ - INFO - Results for Ensemble Voting Classifier Accuracy: 0.9996, Precision: 0.9868, Recall: 0.7895, F1 Score: 0.8772, ROC AUC: 0.9716, MCC: 0.8825
